SF:lib/core/models/vendor_profile.g.dart
DA:13,1
DA:15,1
DA:16,1
DA:17,5
DA:19,1
DA:20,1
DA:21,1
DA:22,1
DA:23,1
DA:24,1
DA:25,1
DA:26,1
DA:27,1
DA:28,1
DA:29,1
DA:30,2
DA:33,1
DA:36,1
DA:37,1
DA:38,2
DA:39,1
DA:40,2
DA:41,1
DA:42,2
DA:43,1
DA:44,2
DA:45,1
DA:46,2
DA:47,1
DA:48,2
DA:49,1
DA:50,2
DA:51,1
DA:52,2
DA:53,1
DA:54,2
DA:55,1
DA:56,2
DA:57,1
DA:58,2
DA:61,0
DA:62,0
DA:64,0
DA:67,0
DA:68,0
DA:69,0
LF:46
LH:40
end_of_record
SF:lib/core/models/vendor_profile.dart
DA:53,1
DA:66,2
DA:69,1
DA:70,2
DA:73,0
DA:74,0
DA:76,0
DA:77,0
DA:78,0
DA:79,0
DA:80,0
DA:81,0
DA:82,0
DA:84,0
DA:89,0
DA:90,0
DA:91,0
DA:92,0
DA:93,0
DA:94,0
DA:95,0
DA:96,0
DA:97,0
DA:98,0
DA:103,0
DA:104,0
DA:105,0
DA:106,0
DA:107,0
DA:108,0
DA:109,0
DA:110,0
DA:111,0
DA:112,0
DA:113,0
DA:114,0
DA:119,1
DA:132,1
DA:133,1
DA:134,1
DA:135,1
DA:136,1
DA:137,1
DA:138,1
DA:139,1
DA:140,1
DA:141,1
DA:142,1
DA:143,1
DA:148,1
DA:149,2
DA:150,3
DA:151,3
DA:152,3
DA:155,0
DA:157,0
LF:56
LH:22
end_of_record
SF:lib/core/services/hive_service.dart
DA:26,1
DA:30,1
DA:31,2
DA:34,1
DA:35,3
DA:36,4
DA:39,1
DA:42,2
DA:43,1
DA:44,2
DA:48,1
DA:51,2
DA:53,2
DA:55,1
DA:58,2
DA:60,2
DA:62,1
DA:65,2
DA:67,2
DA:70,2
DA:71,2
DA:74,3
DA:77,2
DA:79,0
DA:86,1
DA:92,2
DA:93,1
DA:95,0
DA:96,0
DA:97,0
DA:102,0
DA:103,0
DA:107,0
DA:108,0
DA:111,0
DA:112,0
DA:113,0
DA:115,0
DA:116,0
DA:123,1
DA:124,2
DA:127,2
DA:128,3
DA:129,2
DA:132,2
DA:133,3
DA:134,2
DA:139,2
DA:140,3
DA:141,2
DA:144,2
DA:145,3
DA:146,2
DA:151,2
DA:155,0
DA:156,0
DA:157,0
DA:158,0
DA:162,0
DA:163,0
DA:164,0
DA:165,0
DA:170,0
DA:171,0
DA:172,0
DA:173,0
DA:177,0
DA:178,0
DA:179,0
DA:183,0
DA:184,0
DA:185,0
DA:186,0
DA:190,1
DA:191,3
DA:192,2
DA:194,4
DA:196,3
DA:202,1
DA:203,4
DA:204,2
DA:205,3
DA:207,3
DA:208,2
DA:212,1
DA:213,2
DA:214,2
DA:215,3
DA:216,1
DA:217,4
DA:222,1
DA:223,3
DA:224,2
DA:226,1
DA:227,2
DA:228,2
DA:230,3
DA:235,1
DA:236,3
DA:237,2
DA:238,2
DA:242,1
DA:243,1
DA:244,1
DA:248,1
DA:249,2
DA:250,2
LF:107
LH:75
end_of_record
SF:lib/core/services/secure_storage_service.dart
DA:16,0
DA:18,0
DA:20,0
DA:22,0
DA:23,0
DA:24,0
DA:25,0
DA:26,0
DA:28,0
DA:31,0
DA:32,0
DA:37,0
DA:38,0
DA:39,0
DA:40,0
LF:15
LH:0
end_of_record
SF:lib/core/models/pending_media.g.dart
DA:13,0
DA:15,0
DA:16,0
DA:17,0
DA:19,0
DA:20,0
DA:21,0
DA:22,0
DA:23,0
DA:27,0
DA:30,0
DA:31,0
DA:32,0
DA:33,0
DA:34,0
DA:35,0
DA:36,0
DA:37,0
DA:38,0
DA:39,0
DA:40,0
DA:41,0
DA:42,0
DA:45,0
DA:46,0
DA:48,0
DA:51,0
DA:52,0
DA:53,0
DA:60,0
DA:62,0
DA:63,0
DA:65,0
DA:72,0
DA:75,0
DA:76,0
DA:78,0
DA:79,0
DA:84,0
DA:85,0
DA:87,0
DA:90,0
DA:91,0
DA:92,0
LF:44
LH:0
end_of_record
SF:lib/core/models/pending_media.dart
DA:47,0
DA:52,0
DA:53,0
DA:55,0
DA:57,0
LF:5
LH:0
end_of_record
SF:lib/core/models/user_settings.dart
DA:24,1
DA:30,0
DA:32,0
LF:3
LH:1
end_of_record
SF:lib/core/models/user_settings.g.dart
DA:13,1
DA:15,1
DA:16,1
DA:17,5
DA:19,1
DA:20,1
DA:21,1
DA:22,1
DA:26,1
DA:29,1
DA:30,1
DA:31,2
DA:32,1
DA:33,2
DA:34,1
DA:35,2
DA:38,0
DA:39,0
DA:41,0
DA:44,0
DA:45,0
DA:46,0
LF:22
LH:16
end_of_record
SF:lib/core/services/background_sync_service.dart
DA:20,0
DA:24,0
DA:25,0
DA:26,0
DA:27,0
DA:30,0
DA:32,0
DA:35,0
DA:36,0
DA:39,0
DA:40,0
DA:43,0
DA:44,0
DA:45,0
DA:46,0
DA:49,0
DA:52,0
DA:55,0
DA:56,0
DA:57,0
DA:58,0
DA:60,0
DA:62,0
DA:66,0
DA:67,0
DA:73,0
DA:76,0
DA:77,0
DA:79,0
DA:82,0
DA:86,0
DA:88,0
DA:89,0
DA:90,0
DA:96,0
DA:97,0
DA:101,0
DA:103,0
DA:107,0
DA:110,0
DA:111,0
DA:113,0
DA:114,0
DA:115,0
DA:119,0
DA:121,0
DA:123,0
DA:124,0
DA:126,0
DA:130,0
DA:134,0
DA:137,0
DA:138,0
DA:141,0
DA:147,0
DA:148,0
DA:149,0
DA:152,0
DA:155,0
DA:156,0
DA:161,0
DA:162,0
DA:165,0
DA:166,0
DA:167,0
DA:171,0
DA:172,0
DA:173,0
DA:174,0
DA:175,0
DA:176,0
DA:178,0
DA:180,0
DA:182,0
DA:184,0
DA:187,0
DA:188,0
DA:189,0
DA:190,0
DA:195,0
DA:196,0
DA:197,0
DA:198,0
DA:202,0
DA:203,0
DA:205,0
DA:206,0
DA:210,0
DA:211,0
DA:212,0
DA:213,0
DA:214,0
DA:217,0
DA:218,0
DA:219,0
DA:221,0
DA:225,0
DA:226,0
DA:238,0
DA:239,0
DA:240,0
DA:243,0
DA:247,0
DA:249,0
DA:257,0
DA:258,0
DA:259,0
DA:262,0
DA:265,0
DA:266,0
DA:270,0
DA:280,0
DA:283,0
DA:287,0
DA:298,0
DA:300,0
DA:307,0
DA:308,0
DA:309,0
DA:312,0
DA:315,0
DA:316,0
DA:319,0
DA:321,0
DA:324,0
DA:329,0
DA:332,0
DA:338,0
DA:340,0
DA:346,0
DA:347,0
DA:351,0
DA:352,0
DA:354,0
DA:360,0
DA:361,0
DA:365,0
DA:367,0
DA:371,0
DA:374,0
DA:375,0
DA:377,0
DA:379,0
DA:380,0
DA:381,0
DA:386,0
DA:388,0
DA:389,0
DA:393,0
DA:396,0
DA:397,0
DA:400,0
DA:406,0
DA:407,0
DA:408,0
DA:411,0
DA:414,0
DA:415,0
DA:422,0
DA:423,0
DA:426,0
DA:427,0
DA:428,0
DA:432,0
DA:433,0
DA:434,0
DA:435,0
DA:436,0
DA:437,0
DA:439,0
DA:441,0
DA:443,0
DA:445,0
DA:448,0
DA:449,0
DA:450,0
DA:451,0
DA:456,0
DA:457,0
DA:458,0
DA:459,0
DA:463,0
DA:464,0
DA:466,0
DA:467,0
DA:471,0
DA:472,0
DA:473,0
DA:474,0
DA:475,0
DA:478,0
DA:479,0
DA:480,0
DA:482,0
DA:486,0
DA:487,0
DA:491,0
DA:492,0
DA:494,0
DA:497,0
DA:504,0
DA:505,0
DA:507,0
DA:508,0
DA:510,0
LF:205
LH:0
end_of_record
