SF:lib/core/models/message.dart
DA:33,1
DA:46,1
DA:51,1
DA:52,1
DA:55,2
DA:56,3
DA:58,1
DA:72,1
DA:73,1
DA:76,1
DA:77,2
DA:78,0
DA:80,1
DA:81,1
DA:82,1
DA:83,1
DA:84,1
DA:85,1
DA:87,2
DA:88,2
DA:89,1
DA:94,1
DA:95,1
DA:96,1
DA:97,1
DA:98,1
DA:99,1
DA:100,1
DA:101,2
DA:102,2
DA:103,1
DA:108,0
DA:119,0
DA:120,0
DA:121,0
DA:122,0
DA:123,0
DA:124,0
DA:125,0
DA:126,0
DA:127,0
DA:128,0
DA:133,0
DA:134,0
DA:138,4
DA:141,4
DA:144,0
DA:147,0
DA:150,0
DA:152,0
DA:154,0
DA:157,0
DA:161,0
DA:162,0
DA:163,0
DA:164,0
DA:165,0
DA:166,0
DA:167,0
DA:168,0
DA:169,0
DA:170,0
DA:173,0
DA:175,0
DA:176,0
DA:177,0
DA:178,0
DA:179,0
DA:180,0
DA:181,0
DA:182,0
DA:183,0
LF:72
LH:32
end_of_record
SF:lib/core/services/messaging_service.dart
DA:12,1
DA:13,0
DA:14,0
DA:18,1
DA:23,2
DA:24,3
DA:28,2
DA:29,2
DA:30,0
DA:35,2
DA:36,0
DA:39,2
DA:40,0
DA:43,1
DA:44,0
DA:48,1
DA:51,1
DA:54,2
DA:55,2
DA:59,1
DA:60,1
DA:61,2
DA:63,2
DA:64,2
DA:67,1
DA:69,0
DA:76,1
DA:81,2
DA:82,1
DA:86,2
DA:88,2
DA:89,1
DA:92,1
DA:93,1
DA:94,1
DA:95,1
DA:96,1
DA:97,1
DA:98,2
DA:99,2
DA:100,3
DA:103,1
DA:104,1
DA:105,1
DA:106,0
DA:108,1
DA:114,1
DA:118,2
DA:119,1
DA:123,2
DA:124,2
DA:125,0
DA:126,0
DA:131,1
DA:132,1
DA:133,1
DA:134,1
DA:135,2
DA:137,2
DA:142,1
DA:143,1
DA:145,0
DA:146,0
DA:147,0
DA:149,0
DA:154,1
DA:155,0
DA:156,0
DA:158,0
DA:162,2
DA:163,2
DA:164,5
DA:167,2
DA:168,0
DA:169,0
DA:171,0
DA:176,1
DA:177,2
DA:179,1
DA:181,0
DA:182,0
DA:187,2
DA:188,1
DA:189,3
DA:190,1
DA:192,2
DA:193,2
DA:197,1
DA:198,1
DA:199,0
DA:201,0
DA:202,0
DA:207,2
DA:208,1
DA:210,2
DA:211,2
DA:214,2
DA:215,2
DA:216,2
DA:221,0
DA:222,0
DA:225,0
DA:228,1
DA:229,0
DA:230,0
DA:233,0
DA:236,0
DA:237,0
DA:240,0
DA:245,0
DA:249,0
DA:250,0
DA:254,0
DA:258,0
DA:259,0
DA:262,0
DA:268,0
DA:273,0
DA:274,0
DA:279,0
DA:282,0
DA:283,0
DA:284,0
DA:285,0
DA:286,0
DA:287,0
DA:290,0
DA:291,0
DA:292,0
DA:295,0
DA:297,0
DA:298,0
DA:301,0
DA:307,1
DA:308,2
DA:309,1
DA:312,1
DA:313,1
DA:314,1
DA:315,1
DA:316,1
DA:317,1
DA:318,2
DA:319,1
DA:320,3
DA:321,3
DA:322,1
DA:324,2
DA:325,1
DA:333,1
DA:334,2
DA:337,1
DA:338,1
DA:339,1
DA:340,1
DA:341,1
DA:343,2
DA:344,2
DA:349,2
DA:350,2
DA:351,2
DA:354,1
DA:356,2
DA:357,3
DA:360,0
DA:366,1
DA:367,3
DA:370,4
DA:372,1
DA:373,0
DA:377,1
DA:379,1
DA:380,3
DA:384,0
DA:385,0
DA:389,0
LF:176
LH:113
end_of_record
SF:lib/core/models/vendor_profile.g.dart
DA:13,1
DA:15,1
DA:16,1
DA:17,5
DA:19,1
DA:20,1
DA:21,1
DA:22,1
DA:23,1
DA:24,1
DA:25,1
DA:26,1
DA:27,1
DA:28,1
DA:29,1
DA:30,2
DA:33,1
DA:36,1
DA:37,1
DA:38,2
DA:39,1
DA:40,2
DA:41,1
DA:42,2
DA:43,1
DA:44,2
DA:45,1
DA:46,2
DA:47,1
DA:48,2
DA:49,1
DA:50,2
DA:51,1
DA:52,2
DA:53,1
DA:54,2
DA:55,1
DA:56,2
DA:57,1
DA:58,2
DA:61,0
DA:62,0
DA:64,0
DA:67,0
DA:68,0
DA:69,0
LF:46
LH:40
end_of_record
SF:lib/core/models/vendor_profile.dart
DA:53,1
DA:66,2
DA:69,1
DA:70,2
DA:73,0
DA:74,0
DA:76,0
DA:77,0
DA:78,0
DA:79,0
DA:80,0
DA:81,0
DA:82,0
DA:84,0
DA:89,0
DA:90,0
DA:91,0
DA:92,0
DA:93,0
DA:94,0
DA:95,0
DA:96,0
DA:97,0
DA:98,0
DA:103,0
DA:104,0
DA:105,0
DA:106,0
DA:107,0
DA:108,0
DA:109,0
DA:110,0
DA:111,0
DA:112,0
DA:113,0
DA:114,0
DA:119,1
DA:132,1
DA:133,1
DA:134,1
DA:135,1
DA:136,1
DA:137,1
DA:138,1
DA:139,1
DA:140,1
DA:141,1
DA:142,1
DA:143,1
DA:148,1
DA:149,2
DA:150,3
DA:151,3
DA:152,3
DA:155,0
DA:157,0
LF:56
LH:22
end_of_record
SF:lib/core/services/hive_service.dart
DA:36,1
DA:40,1
DA:41,2
DA:42,1
DA:43,1
DA:44,1
DA:47,1
DA:49,2
DA:50,3
DA:53,2
DA:54,3
DA:57,2
DA:58,3
DA:61,2
DA:62,3
DA:65,2
DA:66,3
DA:70,1
DA:71,2
DA:72,1
DA:75,1
DA:77,1
DA:80,2
DA:83,1
DA:86,2
DA:89,1
DA:92,2
DA:95,1
DA:98,2
DA:101,1
DA:104,2
DA:108,2
DA:109,3
DA:117,1
DA:123,2
DA:124,1
DA:126,0
DA:127,0
DA:128,0
DA:133,0
DA:134,0
DA:138,0
DA:139,0
DA:142,0
DA:143,0
DA:144,0
DA:146,0
DA:147,0
DA:155,0
DA:156,0
DA:157,0
DA:158,0
DA:160,0
DA:161,0
DA:162,0
DA:163,0
DA:166,0
DA:171,0
DA:172,0
DA:173,0
DA:174,0
DA:175,0
DA:176,0
DA:177,0
DA:178,0
DA:181,0
DA:182,0
DA:183,0
DA:186,0
DA:187,0
DA:190,0
DA:193,0
DA:194,0
DA:195,0
DA:196,0
DA:197,0
DA:198,0
DA:199,0
DA:200,0
DA:201,0
DA:202,0
DA:206,0
DA:209,0
DA:210,0
DA:211,0
DA:212,0
DA:213,0
DA:214,0
DA:215,0
DA:218,0
DA:219,0
DA:220,0
DA:222,0
DA:226,0
DA:227,0
DA:229,0
DA:232,0
DA:233,0
DA:241,0
DA:242,0
DA:246,0
DA:247,0
DA:251,0
DA:252,0
DA:256,0
DA:257,0
DA:261,0
DA:262,0
DA:266,1
DA:267,2
DA:271,1
DA:272,3
DA:276,1
DA:277,2
DA:278,3
DA:279,1
DA:283,1
DA:284,2
DA:286,1
DA:287,2
DA:292,1
DA:293,2
DA:297,1
DA:298,1
DA:299,1
DA:303,0
DA:304,0
DA:308,0
DA:309,0
DA:313,0
DA:314,0
DA:318,0
DA:319,0
DA:320,0
DA:328,0
DA:335,0
DA:337,0
DA:343,0
DA:346,0
DA:347,0
DA:351,0
DA:352,0
DA:354,0
DA:360,0
DA:361,0
DA:362,0
DA:366,0
DA:367,0
DA:371,0
DA:372,0
DA:375,0
DA:378,0
DA:379,0
DA:380,0
DA:382,0
DA:383,0
DA:384,0
DA:391,1
DA:392,2
LF:159
LH:55
end_of_record
SF:lib/core/services/secure_storage_service.dart
DA:16,0
DA:18,0
DA:20,0
DA:22,0
DA:23,0
DA:24,0
DA:25,0
DA:26,0
DA:28,0
DA:31,0
DA:32,0
DA:37,0
DA:38,0
DA:39,0
DA:40,0
LF:15
LH:0
end_of_record
SF:lib/core/models/pending_media.g.dart
DA:13,0
DA:15,0
DA:16,0
DA:17,0
DA:19,0
DA:20,0
DA:21,0
DA:22,0
DA:23,0
DA:24,0
DA:25,0
DA:26,0
DA:27,0
DA:28,0
DA:32,0
DA:35,0
DA:36,0
DA:37,0
DA:38,0
DA:39,0
DA:40,0
DA:41,0
DA:42,0
DA:43,0
DA:44,0
DA:45,0
DA:46,0
DA:47,0
DA:48,0
DA:49,0
DA:50,0
DA:51,0
DA:52,0
DA:53,0
DA:56,0
DA:57,0
DA:59,0
DA:62,0
DA:63,0
DA:64,0
DA:71,0
DA:73,0
DA:74,0
DA:76,0
DA:83,0
DA:86,0
DA:87,0
DA:89,0
DA:90,0
DA:95,0
DA:96,0
DA:98,0
DA:101,0
DA:102,0
DA:103,0
LF:55
LH:0
end_of_record
SF:lib/core/models/pending_media.dart
DA:59,1
DA:69,1
DA:70,1
DA:72,1
DA:74,8
LF:5
LH:5
end_of_record
SF:lib/core/models/regular_user_profile.g.dart
DA:13,0
DA:15,0
DA:16,0
DA:17,0
DA:19,0
DA:20,0
DA:21,0
DA:22,0
DA:23,0
DA:24,0
DA:25,0
DA:26,0
DA:27,0
DA:30,0
DA:33,0
DA:34,0
DA:35,0
DA:36,0
DA:37,0
DA:38,0
DA:39,0
DA:40,0
DA:41,0
DA:42,0
DA:43,0
DA:44,0
DA:45,0
DA:46,0
DA:47,0
DA:48,0
DA:49,0
DA:52,0
DA:53,0
DA:55,0
DA:58,0
DA:59,0
DA:60,0
LF:37
LH:0
end_of_record
SF:lib/core/models/regular_user_profile.dart
DA:41,0
DA:51,0
DA:54,0
DA:55,0
DA:58,0
DA:62,0
DA:64,0
DA:65,0
DA:66,0
DA:67,0
DA:69,0
DA:74,0
DA:75,0
DA:76,0
DA:77,0
DA:78,0
DA:79,0
DA:81,0
DA:86,0
DA:87,0
DA:88,0
DA:89,0
DA:90,0
DA:91,0
DA:92,0
DA:93,0
DA:94,0
DA:99,0
DA:109,0
DA:110,0
DA:111,0
DA:112,0
DA:113,0
DA:114,0
DA:115,0
DA:116,0
DA:117,0
DA:122,0
DA:123,0
DA:126,0
DA:128,0
LF:41
LH:0
end_of_record
SF:lib/core/models/user_settings.dart
DA:30,1
DA:37,0
DA:39,0
LF:3
LH:1
end_of_record
SF:lib/core/models/user_settings.g.dart
DA:13,1
DA:15,1
DA:16,1
DA:17,5
DA:19,1
DA:20,1
DA:21,1
DA:22,1
DA:23,1
DA:27,1
DA:30,1
DA:31,1
DA:32,2
DA:33,1
DA:34,2
DA:35,1
DA:36,2
DA:37,1
DA:38,2
DA:41,0
DA:42,0
DA:44,0
DA:47,0
DA:48,0
DA:49,0
LF:25
LH:19
end_of_record
SF:lib/core/models/user_interests.dart
DA:25,1
DA:46,0
DA:49,0
DA:50,0
DA:51,0
DA:52,0
DA:53,0
DA:54,0
DA:55,0
DA:56,0
DA:58,0
DA:59,0
DA:61,0
DA:62,0
DA:64,0
DA:65,0
DA:67,0
DA:68,0
DA:69,0
DA:70,0
DA:71,0
DA:72,0
DA:73,0
DA:74,0
DA:75,0
DA:80,1
DA:81,1
DA:82,1
DA:83,1
DA:84,1
DA:85,1
DA:86,1
DA:87,1
DA:88,1
DA:89,1
DA:90,1
DA:91,1
DA:92,1
DA:93,1
DA:94,1
DA:95,1
DA:96,1
DA:97,1
DA:98,2
DA:99,2
DA:104,1
DA:105,1
DA:106,1
DA:108,1
DA:109,1
DA:111,1
DA:112,1
DA:113,1
DA:114,1
DA:120,1
DA:121,1
DA:128,1
DA:136,1
DA:139,2
DA:140,1
DA:141,1
DA:144,2
DA:145,1
DA:146,2
DA:149,1
DA:150,1
DA:151,1
DA:152,4
DA:156,2
DA:157,1
DA:158,1
DA:161,1
DA:162,2
DA:164,1
DA:165,1
DA:166,1
DA:167,4
DA:171,2
DA:172,2
DA:173,2
DA:174,1
DA:175,2
DA:177,2
DA:178,2
DA:182,2
DA:183,5
DA:184,2
DA:185,5
DA:188,2
DA:189,1
DA:190,1
DA:191,2
DA:192,2
DA:197,2
DA:199,1
DA:200,1
DA:201,2
DA:202,2
DA:206,1
DA:207,1
DA:208,5
DA:209,5
DA:211,1
DA:224,1
DA:229,1
DA:230,1
DA:231,1
DA:232,1
DA:233,1
DA:234,1
DA:235,1
DA:236,1
DA:237,3
DA:238,3
DA:239,2
DA:240,5
DA:241,3
DA:242,3
DA:245,2
DA:246,5
DA:247,3
DA:248,3
DA:255,1
DA:256,4
DA:259,1
DA:260,1
DA:263,3
DA:267,1
DA:268,1
DA:270,2
DA:271,2
DA:272,1
DA:273,1
DA:276,0
DA:278,0
DA:279,0
DA:280,0
LF:137
LH:109
end_of_record
SF:lib/core/services/background_sync_service.dart
DA:19,0
DA:23,0
DA:24,0
DA:25,0
DA:26,0
DA:29,0
DA:31,0
DA:34,0
DA:35,0
DA:38,0
DA:39,0
DA:42,0
DA:43,0
DA:44,0
DA:45,0
DA:48,0
DA:51,0
DA:54,0
DA:55,0
DA:56,0
DA:57,0
DA:59,0
DA:61,0
DA:65,0
DA:66,0
DA:72,0
DA:75,0
DA:76,0
DA:78,0
DA:81,0
DA:85,0
DA:87,0
DA:88,0
DA:89,0
DA:100,0
DA:105,0
DA:109,0
DA:111,0
DA:115,0
DA:119,0
DA:120,0
DA:121,0
DA:124,0
DA:125,0
DA:127,0
DA:132,0
DA:134,0
DA:135,0
DA:138,0
DA:139,0
DA:141,0
DA:142,0
DA:146,0
DA:150,0
DA:156,0
DA:157,0
DA:159,0
DA:160,0
DA:161,0
DA:162,0
DA:164,0
DA:170,0
DA:171,0
DA:172,0
DA:174,0
DA:175,0
DA:176,0
DA:180,0
DA:183,0
DA:184,0
DA:187,0
DA:188,0
DA:194,0
DA:202,0
DA:203,0
DA:204,0
DA:205,0
DA:206,0
DA:207,0
DA:208,0
DA:210,0
DA:212,0
DA:213,0
DA:214,0
DA:217,0
DA:218,0
DA:219,0
DA:220,0
DA:221,0
DA:222,0
DA:224,0
DA:225,0
DA:226,0
DA:227,0
DA:228,0
DA:229,0
DA:230,0
DA:235,0
DA:237,0
DA:238,0
DA:240,0
DA:241,0
DA:242,0
DA:243,0
DA:244,0
DA:245,0
DA:247,0
DA:258,0
DA:260,0
DA:261,0
DA:262,0
DA:266,0
DA:267,0
DA:268,0
DA:269,0
DA:270,0
DA:271,0
DA:273,0
DA:274,0
DA:276,0
DA:277,0
DA:278,0
DA:284,0
DA:287,0
DA:288,0
DA:292,0
DA:293,0
DA:294,0
DA:295,0
DA:296,0
DA:297,0
DA:301,0
DA:302,0
DA:303,0
DA:304,0
DA:307,0
DA:308,0
DA:310,0
DA:312,0
DA:313,0
DA:314,0
DA:318,0
DA:319,0
DA:320,0
DA:323,0
DA:324,0
DA:330,0
DA:331,0
DA:348,0
DA:352,0
DA:353,0
DA:354,0
DA:357,0
DA:361,0
DA:363,0
DA:371,0
DA:372,0
DA:373,0
DA:376,0
DA:379,0
DA:380,0
DA:384,0
DA:394,0
DA:397,0
DA:401,0
DA:412,0
DA:414,0
DA:421,0
DA:422,0
DA:423,0
DA:426,0
DA:429,0
DA:430,0
DA:433,0
DA:435,0
DA:438,0
DA:443,0
DA:446,0
DA:452,0
DA:454,0
DA:460,0
DA:462,0
DA:463,0
DA:467,0
DA:471,0
DA:472,0
DA:474,0
DA:477,0
DA:482,0
DA:483,0
DA:487,0
DA:488,0
DA:490,0
DA:493,0
DA:500,0
DA:501,0
DA:503,0
DA:504,0
DA:506,0
LF:199
LH:0
end_of_record
